<?xml version="1.0" encoding="UTF-8"?>
<testsuite xmlns:xsi="http://www.w3.org/2001/XMLSchema-instance" xsi:noNamespaceSchemaLocation="https://maven.apache.org/surefire/maven-surefire-plugin/xsd/surefire-test-report.xsd" name="TestSuite" time="0.626" tests="24" errors="0" skipped="0" failures="0">
  <properties>
    <property name="sun.desktop" value="windows"/>
    <property name="awt.toolkit" value="sun.awt.windows.WToolkit"/>
    <property name="file.encoding.pkg" value="sun.io"/>
    <property name="java.specification.version" value="1.8"/>
    <property name="sun.cpu.isalist" value="amd64"/>
    <property name="sun.jnu.encoding" value="Cp1251"/>
    <property name="java.class.path" value="D:\3 курс\Calculator\target\test-classes;D:\3 курс\Calculator\target\classes;C:\Users\anna_\.m2\repository\org\testng\testng\6.11\testng-6.11.jar;C:\Users\anna_\.m2\repository\com\beust\jcommander\1.64\jcommander-1.64.jar;C:\Users\anna_\.m2\repository\org\yaml\snakeyaml\1.17\snakeyaml-1.17.jar;C:\Users\anna_\.m2\repository\org\apache\maven\surefire\surefire-testng-utils\2.20.1\surefire-testng-utils-2.20.1.jar;C:\Users\anna_\.m2\repository\org\apache\maven\surefire\surefire-grouper\2.20.1\surefire-grouper-2.20.1.jar;"/>
    <property name="java.vm.vendor" value="Oracle Corporation"/>
    <property name="sun.arch.data.model" value="64"/>
    <property name="user.variant" value=""/>
    <property name="java.vendor.url" value="http://java.oracle.com/"/>
    <property name="user.timezone" value=""/>
    <property name="java.vm.specification.version" value="1.8"/>
    <property name="os.name" value="Windows 10"/>
    <property name="user.country" value="RU"/>
    <property name="sun.java.launcher" value="SUN_STANDARD"/>
    <property name="sun.boot.library.path" value="C:\Program Files\Java\jdk1.8.0_144\jre\bin"/>
    <property name="sun.java.command" value="C:\Users\anna_\AppData\Local\Temp\surefire687246561360925973\surefirebooter7410872830401891877.jar C:\Users\anna_\AppData\Local\Temp\surefire687246561360925973 2017-11-30T23-37-38_283-jvmRun1 surefire4993121249519920489tmp surefire_03677921425607235795tmp"/>
    <property name="surefire.test.class.path" value="D:\3 курс\Calculator\target\test-classes;D:\3 курс\Calculator\target\classes;C:\Users\anna_\.m2\repository\org\testng\testng\6.11\testng-6.11.jar;C:\Users\anna_\.m2\repository\com\beust\jcommander\1.64\jcommander-1.64.jar;C:\Users\anna_\.m2\repository\org\yaml\snakeyaml\1.17\snakeyaml-1.17.jar;C:\Users\anna_\.m2\repository\org\apache\maven\surefire\surefire-testng-utils\2.20.1\surefire-testng-utils-2.20.1.jar;C:\Users\anna_\.m2\repository\org\apache\maven\surefire\surefire-grouper\2.20.1\surefire-grouper-2.20.1.jar;"/>
    <property name="sun.cpu.endian" value="little"/>
    <property name="user.home" value="C:\Users\anna_"/>
    <property name="user.language" value="ru"/>
    <property name="java.specification.vendor" value="Oracle Corporation"/>
    <property name="java.home" value="C:\Program Files\Java\jdk1.8.0_144\jre"/>
    <property name="basedir" value="D:\3 курс\Calculator"/>
    <property name="file.separator" value="\"/>
    <property name="line.separator" value="&#10;"/>
    <property name="java.vm.specification.vendor" value="Oracle Corporation"/>
    <property name="java.specification.name" value="Java Platform API Specification"/>
    <property name="java.awt.graphicsenv" value="sun.awt.Win32GraphicsEnvironment"/>
    <property name="surefire.real.class.path" value="C:\Users\anna_\AppData\Local\Temp\surefire687246561360925973\surefirebooter7410872830401891877.jar"/>
    <property name="sun.boot.class.path" value="C:\Program Files\Java\jdk1.8.0_144\jre\lib\resources.jar;C:\Program Files\Java\jdk1.8.0_144\jre\lib\rt.jar;C:\Program Files\Java\jdk1.8.0_144\jre\lib\sunrsasign.jar;C:\Program Files\Java\jdk1.8.0_144\jre\lib\jsse.jar;C:\Program Files\Java\jdk1.8.0_144\jre\lib\jce.jar;C:\Program Files\Java\jdk1.8.0_144\jre\lib\charsets.jar;C:\Program Files\Java\jdk1.8.0_144\jre\lib\jfr.jar;C:\Program Files\Java\jdk1.8.0_144\jre\classes"/>
    <property name="user.script" value=""/>
    <property name="sun.management.compiler" value="HotSpot 64-Bit Tiered Compilers"/>
    <property name="java.runtime.version" value="1.8.0_144-b01"/>
    <property name="user.name" value="anna_"/>
    <property name="path.separator" value=";"/>
    <property name="os.version" value="10.0"/>
    <property name="java.endorsed.dirs" value="C:\Program Files\Java\jdk1.8.0_144\jre\lib\endorsed"/>
    <property name="java.runtime.name" value="Java(TM) SE Runtime Environment"/>
    <property name="file.encoding" value="Cp1251"/>
    <property name="java.vm.name" value="Java HotSpot(TM) 64-Bit Server VM"/>
    <property name="localRepository" value="C:\Users\anna_\.m2\repository"/>
    <property name="java.vendor.url.bug" value="http://bugreport.sun.com/bugreport/"/>
    <property name="java.io.tmpdir" value="C:\Users\anna_\AppData\Local\Temp\"/>
    <property name="idea.version" value="2017.2.3"/>
    <property name="java.version" value="1.8.0_144"/>
    <property name="user.dir" value="D:\3 курс\Calculator"/>
    <property name="os.arch" value="amd64"/>
    <property name="java.vm.specification.name" value="Java Virtual Machine Specification"/>
    <property name="java.awt.printerjob" value="sun.awt.windows.WPrinterJob"/>
    <property name="sun.os.patch.level" value=""/>
    <property name="java.library.path" value="C:\Program Files\Java\jdk1.8.0_144\jre\bin;C:\WINDOWS\Sun\Java\bin;C:\WINDOWS\system32;C:\WINDOWS;C:\ProgramData\Oracle\Java\javapath;C:\WINDOWS\system32;C:\WINDOWS;C:\WINDOWS\System32\Wbem;C:\WINDOWS\System32\WindowsPowerShell\v1.0\;C:\Program Files\Git\cmd;C:\Program Files\MATLAB\R2016a\runtime\win64;C:\Program Files\MATLAB\R2016a\bin;C:\Program Files\MATLAB\R2016a\polyspace\bin;C:\Program Files (x86)\Skype\Phone\;C:\Program Files\nodejs\;C:\Users\anna_\AppData\Local\Programs\Python\Python36-32\Scripts\;C:\Users\anna_\AppData\Local\Programs\Python\Python36-32\;C:\Users\anna_\AppData\Local\Microsoft\WindowsApps;C:\Users\anna_\AppData\Roaming\npm;."/>
    <property name="java.vm.info" value="mixed mode"/>
    <property name="java.vendor" value="Oracle Corporation"/>
    <property name="java.vm.version" value="25.144-b01"/>
    <property name="java.ext.dirs" value="C:\Program Files\Java\jdk1.8.0_144\jre\lib\ext;C:\WINDOWS\Sun\Java\lib\ext"/>
    <property name="sun.io.unicode.encoding" value="UnicodeLittle"/>
    <property name="java.class.version" value="52.0"/>
  </properties>
  <testcase name="testDivide" classname="by.bsu.mmf.calculator.CalculatorTest" time="0"/>
  <testcase name="testDivideByZero" classname="by.bsu.mmf.calculator.CalculatorTest" time="0"/>
  <testcase name="testDivideZero" classname="by.bsu.mmf.calculator.CalculatorTest" time="0"/>
  <testcase name="testMultiply" classname="by.bsu.mmf.calculator.CalculatorTest" time="0"/>
  <testcase name="testMultiplyByZero" classname="by.bsu.mmf.calculator.CalculatorTest" time="0"/>
  <testcase name="testSubtraction" classname="by.bsu.mmf.calculator.CalculatorTest" time="0"/>
  <testcase name="testSubtractionMinus" classname="by.bsu.mmf.calculator.CalculatorTest" time="0"/>
  <testcase name="testSubtractionTwoMinus" classname="by.bsu.mmf.calculator.CalculatorTest" time="0"/>
  <testcase name="testSum" classname="by.bsu.mmf.calculator.CalculatorTest" time="0"/>
  <testcase name="testSumMinus" classname="by.bsu.mmf.calculator.CalculatorTest" time="0"/>
  <testcase name="testSumTwoMinus" classname="by.bsu.mmf.calculator.CalculatorTest" time="0"/>
  <testcase name="testSumZero" classname="by.bsu.mmf.calculator.CalculatorTest" time="0"/>
  <testcase name="testDivide" classname="by.bsu.mmf.calculatorTest.CalculatorTest" time="0"/>
  <testcase name="testDivideByZero" classname="by.bsu.mmf.calculatorTest.CalculatorTest" time="0"/>
  <testcase name="testDivideZero" classname="by.bsu.mmf.calculatorTest.CalculatorTest" time="0"/>
  <testcase name="testMultiply" classname="by.bsu.mmf.calculatorTest.CalculatorTest" time="0"/>
  <testcase name="testMultiplyByZero" classname="by.bsu.mmf.calculatorTest.CalculatorTest" time="0"/>
  <testcase name="testSubtraction" classname="by.bsu.mmf.calculatorTest.CalculatorTest" time="0"/>
  <testcase name="testSubtractionMinus" classname="by.bsu.mmf.calculatorTest.CalculatorTest" time="0"/>
  <testcase name="testSubtractionTwoMinus" classname="by.bsu.mmf.calculatorTest.CalculatorTest" time="0"/>
  <testcase name="testSum" classname="by.bsu.mmf.calculatorTest.CalculatorTest" time="0"/>
  <testcase name="testSumMinus" classname="by.bsu.mmf.calculatorTest.CalculatorTest" time="0"/>
  <testcase name="testSumTwoMinus" classname="by.bsu.mmf.calculatorTest.CalculatorTest" time="0"/>
  <testcase name="testSumZero" classname="by.bsu.mmf.calculatorTest.CalculatorTest" time="0"/>
</testsuite>